2026-06-16 00:49:14,781 - __main__ - INFO - Database initialized
2026-06-16 00:49:14,859 - apscheduler.scheduler - INFO - Adding job tentatively -- it will be properly scheduled when the scheduler starts
2026-06-16 00:49:14,859 - apscheduler.scheduler - INFO - Adding job tentatively -- it will be properly scheduled when the scheduler starts
2026-06-16 00:49:14,859 - apscheduler.scheduler - INFO - Adding job tentatively -- it will be properly scheduled when the scheduler starts
2026-06-16 00:49:14,859 - apscheduler.scheduler - INFO - Adding job tentatively -- it will be properly scheduled when the scheduler starts
2026-06-16 00:49:14,859 - duty_bot.scheduler.jobs - INFO - Jobs setup complete
2026-06-16 00:49:14,859 - __main__ - INFO - Bot started, polling...
2026-06-16 00:49:15,706 - httpx - INFO - HTTP Request: POST https://api.telegram.org/bot8757000448:AAEQ8z4RM0E1CPFAFbu1T0Rs02RHz76veh0/getMe "HTTP/1.1 200 OK"
2026-06-16 00:49:15,942 - httpx - INFO - HTTP Request: POST https://api.telegram.org/bot8757000448:AAEQ8z4RM0E1CPFAFbu1T0Rs02RHz76veh0/deleteWebhook "HTTP/1.1 200 OK"
2026-06-16 00:49:15,945 - apscheduler.scheduler - INFO - Added job "daily_reminder" to job store "default"
2026-06-16 00:49:15,945 - apscheduler.scheduler - INFO - Added job "weekly_approval_check" to job store "default"
2026-06-16 00:49:15,945 - apscheduler.scheduler - INFO - Added job "retry_notifications" to job store "default"
2026-06-16 00:49:15,945 - apscheduler.scheduler - INFO - Added job "confirmation_check" to job store "default"
2026-06-16 00:49:15,945 - apscheduler.scheduler - INFO - Scheduler started
2026-06-16 00:49:15,945 - telegram.ext.Application - INFO - Application started
2026-06-16 00:49:16,753 - httpx - INFO - HTTP Request: POST https://api.telegram.org/bot8757000448:AAEQ8z4RM0E1CPFAFbu1T0Rs02RHz76veh0/getUpdates "HTTP/1.1 200 OK"
2026-06-16 00:49:17,176 - httpx - INFO - HTTP Request: POST https://api.telegram.org/bot8757000448:AAEQ8z4RM0E1CPFAFbu1T0Rs02RHz76veh0/sendMessage "HTTP/1.1 200 OK"
2026-06-16 00:49:17,605 - httpx - INFO - HTTP Request: POST https://api.telegram.org/bot8757000448:AAEQ8z4RM0E1CPFAFbu1T0Rs02RHz76veh0/sendMessage "HTTP/1.1 200 OK"
2026-06-16 00:49:18,041 - httpx - INFO - HTTP Request: POST https://api.telegram.org/bot8757000448:AAEQ8z4RM0E1CPFAFbu1T0Rs02RHz76veh0/sendMessage "HTTP/1.1 200 OK"
2026-06-16 00:49:18,461 - httpx - INFO - HTTP Request: POST https://api.telegram.org/bot8757000448:AAEQ8z4RM0E1CPFAFbu1T0Rs02RHz76veh0/sendMessage "HTTP/1.1 200 OK"
2026-06-16 00:49:24,861 - apscheduler.executors.default - INFO - Running job "retry_notifications (trigger: interval[0:30:00], next run at: 2026-06-15 18:19:24 UTC)" (scheduled at 2026-06-15 17:49:24.859194+00:00)
2026-06-16 00:49:24,862 - telegram.ext.Application - ERROR - No error handlers are registered, logging exception.
Traceback (most recent call last):
  File "/Users/maihuy/Desktop/Tạo bot/venv/lib/python3.12/site-packages/telegram/ext/_jobqueue.py", line 1010, in _run
    await self.callback(context)
  File "/Users/maihuy/Desktop/Tạo bot/duty_bot/scheduler/jobs.py", line 70, in retry_failed_notifications
    pending = notification_service.get_pending_notifications()
              ^^^^^^^^^^^^^^^^^^^^^^^^^^^^^^^^^^^^^^^^^^^^^^^^
  File "/Users/maihuy/Desktop/Tạo bot/duty_bot/services/notification_service.py", line 91, in get_pending_notifications
    return repo.get_pending_notifications()
           ^^^^^^^^^^^^^^^^^^^^^^^^^^^^^^^^
  File "/Users/maihuy/Desktop/Tạo bot/duty_bot/database/repository.py", line 421, in get_pending_notifications
    rows = conn.execute(
           ^^^^^^^^^^^^^
sqlite3.OperationalError: no such table: notifications
2026-06-16 00:49:24,866 - apscheduler.executors.default - INFO - Job "retry_notifications (trigger: interval[0:30:00], next run at: 2026-06-15 18:19:24 UTC)" executed successfully
2026-06-16 00:49:27,070 - httpx - INFO - HTTP Request: POST https://api.telegram.org/bot8757000448:AAEQ8z4RM0E1CPFAFbu1T0Rs02RHz76veh0/getUpdates "HTTP/1.1 200 OK"
2026-06-16 00:49:37,308 - httpx - INFO - HTTP Request: POST https://api.telegram.org/bot8757000448:AAEQ8z4RM0E1CPFAFbu1T0Rs02RHz76veh0/getUpdates "HTTP/1.1 200 OK"
2026-06-16 00:49:47,633 - httpx - INFO - HTTP Request: POST https://api.telegram.org/bot8757000448:AAEQ8z4RM0E1CPFAFbu1T0Rs02RHz76veh0/getUpdates "HTTP/1.1 200 OK"
2026-06-16 00:49:57,892 - httpx - INFO - HTTP Request: POST https://api.telegram.org/bot8757000448:AAEQ8z4RM0E1CPFAFbu1T0Rs02RHz76veh0/getUpdates "HTTP/1.1 200 OK"
2026-06-16 00:50:07,326 - httpx - INFO - HTTP Request: POST https://api.telegram.org/bot8757000448:AAEQ8z4RM0E1CPFAFbu1T0Rs02RHz76veh0/getUpdates "HTTP/1.1 200 OK"
2026-06-16 00:50:07,328 - telegram.ext.Application - ERROR - No error handlers are registered, logging exception.
Traceback (most recent call last):
  File "/Users/maihuy/Desktop/Tạo bot/venv/lib/python3.12/site-packages/telegram/ext/_application.py", line 1315, in process_update
    await coroutine
  File "/Users/maihuy/Desktop/Tạo bot/venv/lib/python3.12/site-packages/telegram/ext/_handlers/basehandler.py", line 159, in handle_update
    return await self.callback(update, context)
           ^^^^^^^^^^^^^^^^^^^^^^^^^^^^^^^^^^^^
  File "/Users/maihuy/Desktop/Tạo bot/duty_bot/bot/handlers.py", line 163, in week_cmd
    schedules = scheduler_service.get_week_schedules(year, week)
                ^^^^^^^^^^^^^^^^^^^^^^^^^^^^^^^^^^^^^^^^^^^^^^^^
  File "/Users/maihuy/Desktop/Tạo bot/duty_bot/services/scheduler_service.py", line 225, in get_week_schedules
    return repo.get_week_schedules(year, week)
           ^^^^^^^^^^^^^^^^^^^^^^^^^^^^^^^^^^^
  File "/Users/maihuy/Desktop/Tạo bot/duty_bot/database/repository.py", line 154, in get_week_schedules
    rows = conn.execute(
           ^^^^^^^^^^^^^
sqlite3.OperationalError: no such table: duty_schedules
2026-06-16 00:50:11,141 - httpx - INFO - HTTP Request: POST https://api.telegram.org/bot8757000448:AAEQ8z4RM0E1CPFAFbu1T0Rs02RHz76veh0/getUpdates "HTTP/1.1 200 OK"
2026-06-16 00:50:12,052 - httpx - INFO - HTTP Request: POST https://api.telegram.org/bot8757000448:AAEQ8z4RM0E1CPFAFbu1T0Rs02RHz76veh0/sendMessage "HTTP/1.1 200 OK"
2026-06-16 00:50:17,029 - httpx - INFO - HTTP Request: POST https://api.telegram.org/bot8757000448:AAEQ8z4RM0E1CPFAFbu1T0Rs02RHz76veh0/getUpdates "HTTP/1.1 200 OK"
2026-06-16 00:50:17,030 - telegram.ext.Application - ERROR - No error handlers are registered, logging exception.
Traceback (most recent call last):
  File "/Users/maihuy/Desktop/Tạo bot/venv/lib/python3.12/site-packages/telegram/ext/_application.py", line 1315, in process_update
    await coroutine
  File "/Users/maihuy/Desktop/Tạo bot/venv/lib/python3.12/site-packages/telegram/ext/_handlers/basehandler.py", line 159, in handle_update
    return await self.callback(update, context)
           ^^^^^^^^^^^^^^^^^^^^^^^^^^^^^^^^^^^^
  File "/Users/maihuy/Desktop/Tạo bot/duty_bot/bot/handlers.py", line 81, in list_personnel
    personnel = personnel_service.get_personnel()
                ^^^^^^^^^^^^^^^^^^^^^^^^^^^^^^^^^
  File "/Users/maihuy/Desktop/Tạo bot/duty_bot/services/personnel_service.py", line 22, in get_personnel
    return repo.get_personnel(personnel_id)
           ^^^^^^^^^^^^^^^^^^^^^^^^^^^^^^^^
  File "/Users/maihuy/Desktop/Tạo bot/duty_bot/database/repository.py", line 27, in get_personnel
    rows = conn.execute(
           ^^^^^^^^^^^^^
sqlite3.OperationalError: no such table: personnel
2026-06-16 00:50:27,372 - httpx - INFO - HTTP Request: POST https://api.telegram.org/bot8757000448:AAEQ8z4RM0E1CPFAFbu1T0Rs02RHz76veh0/getUpdates "HTTP/1.1 200 OK"
2026-06-16 00:50:37,601 - httpx - INFO - HTTP Request: POST https://api.telegram.org/bot8757000448:AAEQ8z4RM0E1CPFAFbu1T0Rs02RHz76veh0/getUpdates "HTTP/1.1 200 OK"
2026-06-16 00:50:47,826 - httpx - INFO - HTTP Request: POST https://api.telegram.org/bot8757000448:AAEQ8z4RM0E1CPFAFbu1T0Rs02RHz76veh0/getUpdates "HTTP/1.1 200 OK"
2026-06-16 00:50:58,209 - httpx - INFO - HTTP Request: POST https://api.telegram.org/bot8757000448:AAEQ8z4RM0E1CPFAFbu1T0Rs02RHz76veh0/getUpdates "HTTP/1.1 200 OK"
2026-06-16 00:51:08,436 - httpx - INFO - HTTP Request: POST https://api.telegram.org/bot8757000448:AAEQ8z4RM0E1CPFAFbu1T0Rs02RHz76veh0/getUpdates "HTTP/1.1 200 OK"
